TN:
SF:C:\Users\abdel-dev\Desktop\Ionic\Project-crowdlending\crowdfunding-frond-end\src\polyfills.ts
FNF:0
FNH:0
LF:0
LH:0
BRF:0
BRH:0
end_of_record
TN:
SF:C:\Users\abdel-dev\Desktop\Ionic\Project-crowdlending\crowdfunding-frond-end\src\test.ts
FNF:0
FNH:0
DA:18,1
DA:23,1
DA:25,1
LF:3
LH:3
BRF:0
BRH:0
end_of_record
TN:
SF:C:\Users\abdel-dev\Desktop\Ionic\Project-crowdlending\crowdfunding-frond-end\src\app\api-spring-boot.service.ts
FN:29,(anonymous_0)
FN:40,(anonymous_1)
FN:49,(anonymous_2)
FN:59,(anonymous_3)
FN:75,(anonymous_4)
FN:84,(anonymous_5)
FN:93,(anonymous_6)
FN:101,(anonymous_7)
FN:110,(anonymous_8)
FN:126,(anonymous_9)
FN:152,(anonymous_10)
FN:179,(anonymous_11)
FN:187,(anonymous_12)
FN:195,(anonymous_13)
FN:203,(anonymous_14)
FN:213,(anonymous_15)
FN:223,(anonymous_16)
FN:233,(anonymous_17)
FN:243,(anonymous_18)
FN:253,(anonymous_19)
FN:263,(anonymous_20)
FN:272,(anonymous_21)
FN:281,(anonymous_22)
FN:291,(anonymous_23)
FN:300,(anonymous_24)
FN:308,(anonymous_25)
FN:318,(anonymous_26)
FN:326,(anonymous_27)
FN:335,(anonymous_28)
FN:343,(anonymous_29)
FN:353,(anonymous_30)
FN:377,(anonymous_31)
FN:402,(anonymous_32)
FN:426,(anonymous_33)
FN:434,(anonymous_34)
FN:442,(anonymous_35)
FN:450,(anonymous_36)
FN:458,(anonymous_37)
FN:468,(anonymous_38)
FN:476,(anonymous_39)
FN:484,(anonymous_40)
FN:494,(anonymous_41)
FN:502,(anonymous_42)
FN:510,(anonymous_43)
FN:518,(anonymous_44)
FN:527,(anonymous_45)
FN:536,(anonymous_46)
FN:544,(anonymous_47)
FN:553,(anonymous_48)
FN:561,(anonymous_49)
FN:571,(anonymous_50)
FN:580,(anonymous_51)
FN:588,(anonymous_52)
FN:599,(anonymous_53)
FN:607,(anonymous_54)
FN:618,(anonymous_55)
FN:626,(anonymous_56)
FN:634,(anonymous_57)
FN:645,(anonymous_58)
FN:653,(anonymous_59)
FN:661,(anonymous_60)
FN:670,(anonymous_61)
FN:678,(anonymous_62)
FN:686,(anonymous_63)
FN:695,(anonymous_64)
FNF:65
FNH:1
FNDA:2,(anonymous_0)
FNDA:0,(anonymous_1)
FNDA:0,(anonymous_2)
FNDA:0,(anonymous_3)
FNDA:0,(anonymous_4)
FNDA:0,(anonymous_5)
FNDA:0,(anonymous_6)
FNDA:0,(anonymous_7)
FNDA:0,(anonymous_8)
FNDA:0,(anonymous_9)
FNDA:0,(anonymous_10)
FNDA:0,(anonymous_11)
FNDA:0,(anonymous_12)
FNDA:0,(anonymous_13)
FNDA:0,(anonymous_14)
FNDA:0,(anonymous_15)
FNDA:0,(anonymous_16)
FNDA:0,(anonymous_17)
FNDA:0,(anonymous_18)
FNDA:0,(anonymous_19)
FNDA:0,(anonymous_20)
FNDA:0,(anonymous_21)
FNDA:0,(anonymous_22)
FNDA:0,(anonymous_23)
FNDA:0,(anonymous_24)
FNDA:0,(anonymous_25)
FNDA:0,(anonymous_26)
FNDA:0,(anonymous_27)
FNDA:0,(anonymous_28)
FNDA:0,(anonymous_29)
FNDA:0,(anonymous_30)
FNDA:0,(anonymous_31)
FNDA:0,(anonymous_32)
FNDA:0,(anonymous_33)
FNDA:0,(anonymous_34)
FNDA:0,(anonymous_35)
FNDA:0,(anonymous_36)
FNDA:0,(anonymous_37)
FNDA:0,(anonymous_38)
FNDA:0,(anonymous_39)
FNDA:0,(anonymous_40)
FNDA:0,(anonymous_41)
FNDA:0,(anonymous_42)
FNDA:0,(anonymous_43)
FNDA:0,(anonymous_44)
FNDA:0,(anonymous_45)
FNDA:0,(anonymous_46)
FNDA:0,(anonymous_47)
FNDA:0,(anonymous_48)
FNDA:0,(anonymous_49)
FNDA:0,(anonymous_50)
FNDA:0,(anonymous_51)
FNDA:0,(anonymous_52)
FNDA:0,(anonymous_53)
FNDA:0,(anonymous_54)
FNDA:0,(anonymous_55)
FNDA:0,(anonymous_56)
FNDA:0,(anonymous_57)
FNDA:0,(anonymous_58)
FNDA:0,(anonymous_59)
FNDA:0,(anonymous_60)
FNDA:0,(anonymous_61)
FNDA:0,(anonymous_62)
FNDA:0,(anonymous_63)
FNDA:0,(anonymous_64)
DA:16,1
DA:25,2
DA:29,2
DA:31,2
DA:33,2
DA:35,0
DA:43,0
DA:45,0
DA:51,0
DA:53,0
DA:61,0
DA:63,0
DA:70,0
DA:77,0
DA:79,0
DA:86,0
DA:88,0
DA:95,0
DA:97,0
DA:103,0
DA:105,0
DA:112,0
DA:114,0
DA:121,0
DA:128,0
DA:147,0
DA:154,0
DA:156,0
DA:174,0
DA:181,0
DA:183,0
DA:189,0
DA:191,0
DA:197,0
DA:199,0
DA:205,0
DA:207,0
DA:209,0
DA:215,0
DA:217,0
DA:219,0
DA:225,0
DA:227,0
DA:235,0
DA:237,0
DA:239,0
DA:245,0
DA:247,0
DA:249,0
DA:255,0
DA:257,0
DA:259,0
DA:266,0
DA:268,0
DA:275,0
DA:277,0
DA:284,0
DA:286,0
DA:294,0
DA:296,0
DA:302,0
DA:304,0
DA:310,0
DA:312,0
DA:314,0
DA:320,0
DA:322,0
DA:328,0
DA:330,0
DA:337,0
DA:339,0
DA:345,0
DA:347,0
DA:355,0
DA:358,0
DA:373,0
DA:379,0
DA:397,0
DA:404,0
DA:422,0
DA:428,0
DA:430,0
DA:436,0
DA:438,0
DA:444,0
DA:446,0
DA:452,0
DA:454,0
DA:460,0
DA:462,0
DA:470,0
DA:472,0
DA:478,0
DA:480,0
DA:486,0
DA:488,0
DA:496,0
DA:498,0
DA:504,0
DA:506,0
DA:512,0
DA:514,0
DA:520,0
DA:523,0
DA:529,0
DA:532,0
DA:539,0
DA:541,0
DA:546,0
DA:549,0
DA:555,0
DA:557,0
DA:563,0
DA:565,0
DA:573,0
DA:576,0
DA:582,0
DA:584,0
DA:590,0
DA:592,0
DA:595,0
DA:601,0
DA:603,0
DA:609,0
DA:611,0
DA:614,0
DA:620,0
DA:622,0
DA:628,0
DA:630,0
DA:636,0
DA:638,0
DA:641,0
DA:647,0
DA:649,0
DA:655,0
DA:657,0
DA:664,0
DA:666,0
DA:673,0
DA:674,0
DA:681,0
DA:682,0
DA:688,0
DA:690,0
DA:697,0
DA:699,0
LF:147
LH:5
BRDA:33,0,0,0
BRDA:33,0,1,2
BRF:2
BRH:1
end_of_record
TN:
SF:C:\Users\abdel-dev\Desktop\Ionic\Project-crowdlending\crowdfunding-frond-end\src\app\app.component.ts
FN:12,(anonymous_0)
FNF:1
FNH:1
FNDA:1,(anonymous_0)
DA:9,1
LF:1
LH:1
BRF:0
BRH:0
end_of_record
TN:
SF:C:\Users\abdel-dev\Desktop\Ionic\Project-crowdlending\crowdfunding-frond-end\src\app\image.service.ts
FN:17,(anonymous_0)
FN:19,(anonymous_1)
FNF:2
FNH:1
FNDA:1,(anonymous_0)
FNDA:0,(anonymous_1)
DA:13,1
DA:15,1
DA:17,1
DA:20,0
DA:21,0
DA:23,0
DA:27,0
LF:7
LH:3
BRF:0
BRH:0
end_of_record
TN:
SF:C:\Users\abdel-dev\Desktop\Ionic\Project-crowdlending\crowdfunding-frond-end\src\app\ip-service.service.ts
FN:9,(anonymous_0)
FN:11,(anonymous_1)
FNF:2
FNH:2
FNDA:3,(anonymous_0)
FNDA:1,(anonymous_1)
DA:7,1
DA:9,3
DA:13,1
LF:3
LH:3
BRF:0
BRH:0
end_of_record
TN:
SF:C:\Users\abdel-dev\Desktop\Ionic\Project-crowdlending\crowdfunding-frond-end\src\app\identification\identification.component.ts
FN:60,(anonymous_0)
FN:65,(anonymous_1)
FN:80,(anonymous_2)
FN:103,(anonymous_3)
FN:124,(anonymous_4)
FN:126,(anonymous_5)
FN:130,(anonymous_6)
FN:140,(anonymous_7)
FN:143,(anonymous_8)
FN:153,(anonymous_9)
FN:162,(anonymous_10)
FN:185,(anonymous_11)
FN:191,(anonymous_12)
FN:213,(anonymous_13)
FN:235,(anonymous_14)
FN:248,(anonymous_15)
FNF:16
FNH:6
FNDA:2,(anonymous_0)
FNDA:2,(anonymous_1)
FNDA:2,(anonymous_2)
FNDA:0,(anonymous_3)
FNDA:2,(anonymous_4)
FNDA:0,(anonymous_5)
FNDA:2,(anonymous_6)
FNDA:1,(anonymous_7)
FNDA:0,(anonymous_8)
FNDA:0,(anonymous_9)
FNDA:0,(anonymous_10)
FNDA:0,(anonymous_11)
FNDA:0,(anonymous_12)
FNDA:0,(anonymous_13)
FNDA:0,(anonymous_14)
FNDA:0,(anonymous_15)
DA:22,1
DA:24,1
DA:26,2
DA:33,2
DA:40,2
DA:42,2
DA:44,2
DA:46,2
DA:48,2
DA:50,2
DA:52,2
DA:54,2
DA:56,2
DA:60,2
DA:61,2
DA:62,2
DA:64,2
DA:65,2
DA:67,2
DA:71,0
DA:84,2
DA:86,1
DA:88,1
DA:105,0
DA:107,0
DA:109,0
DA:113,0
DA:117,0
DA:126,2
DA:127,0
DA:130,2
DA:131,2
DA:132,2
DA:133,1
DA:134,1
DA:135,1
DA:141,1
DA:146,0
DA:148,0
DA:159,0
DA:162,0
DA:166,0
DA:168,0
DA:172,0
DA:175,0
DA:177,0
DA:182,0
DA:194,0
DA:196,0
DA:199,0
DA:204,0
DA:209,0
DA:211,0
DA:213,0
DA:217,0
DA:219,0
DA:223,0
DA:225,0
DA:227,0
DA:239,0
DA:243,0
DA:252,0
LF:62
LH:30
BRDA:67,0,0,0
BRDA:67,0,1,2
BRDA:107,1,0,0
BRDA:107,1,1,0
BRDA:132,2,0,1
BRDA:132,2,1,1
BRDA:166,3,0,0
BRDA:166,3,1,0
BRDA:196,4,0,0
BRDA:196,4,1,0
BRDA:209,5,0,0
BRDA:209,5,1,0
BRDA:209,6,0,0
BRDA:209,6,1,0
BRDA:217,7,0,0
BRDA:217,7,1,0
BRF:16
BRH:3
end_of_record
TN:
SF:C:\Users\abdel-dev\Desktop\Ionic\Project-crowdlending\crowdfunding-frond-end\src\app\interfaces\models.ts
FNF:0
FNH:0
LF:0
LH:0
BRF:0
BRH:0
end_of_record
